Lattice Timing Report -  Setup  and Hold, Version Radiant Software (64-bit) 2024.1.0.34.2

Tue Sep  3 00:56:37 2024

Copyright (c) 1991-1994 by NeoCAD Inc. All rights reserved.
Copyright (c) 1995 AT&T Corp.   All rights reserved.
Copyright (c) 1995-2001 Lucent Technologies Inc.  All rights reserved.
Copyright (c) 2001 Agere Systems   All rights reserved.
Copyright (c) 2002-2024 Lattice Semiconductor Corporation,  All rights reserved.

Command line:    timing -sethld -v 10 -u 10 -endpoints 10 -nperend 1 -sp High-Performance_1.2V -hsp m -pwrprd -html -rpt project_impl_1.twr project_impl_1.udb -gui -msgset C:/Users/oaksh/Desktop/E155/lab1/fpga/radiant_project/project/promote.xml

-----------------------------------------
Design:          lab1_as
Family:          iCE40UP
Device:          iCE40UP5K
Package:         SG48
Performance:     High-Performance_1.2V
Package Status:                     Preliminary    Version 1.5
**Performance Hardware Data Status :   Advanced Version 1.0
-----------------------------------------


=====================================================================
                    Table of Contents
=====================================================================
    1  Timing Overview
        1.1  SDC Constraints
        1.2  Constraint Coverage
        1.3  Overall Summary
        1.4  Unconstrained Report
        1.5  Combinational Loop
    2  Setup at Speed Grade High-Performance_1.2V Corner at 100 Degrees
        2.1  Clock Summary
        2.2  Endpoint slacks
        2.3  Detailed Report
    3  Hold at Speed Grade m Corner at -40 Degrees
        3.1  Endpoint slacks
        3.2  Detailed Report

=====================================================================
                    End of Table of Contents
=====================================================================

==============================================
1  Timing Overview
==============================================

1.1  SDC Constraints
=====================
create_clock -name {int_osc} -period 41.6667 [get_pins {hf_osc/CLKHF }] 

1.2  Constraint Coverage
---------------------------
Constraint Coverage: 73.7374%


1.3  Overall Summary
---------------------------
 Setup at Speed Grade High-Performance_1.2V Corner at 100 Degrees     Timing Errors: 0 endpoints;  Total Negative Slack: 0.000 ns 
 Hold at Speed Grade m Corner at -40 Degrees                          Timing Errors: 0 endpoints;  Total Negative Slack: 0.000 ns 

1.4  Unconstrained Report
===========================

1.4.1  Unconstrained Start/End Points
--------------------------------------

Clocked but unconstrained timing start points
--------------------------------------------------
There is no start point satisfying reporting criteria


Clocked but unconstrained timing end points
--------------------------------------------------
There is no end point satisfying reporting criteria


1.4.2  Start/End Points Without Timing Constraints
---------------------------------------------------

I/O ports without constraint
----------------------------
Possible constraints to use on I/O ports are:
set_input_delay,
set_output_delay,
set_max_delay,
create_clock,
create_generated_clock,
...

-------------------------------------------------------------------
     Listing 10 Start or End Points     |           Type           
-------------------------------------------------------------------
s[0]                                    |                     input
s[1]                                    |                     input
s[2]                                    |                     input
s[3]                                    |                     input
seg[0]                                  |                    output
seg[1]                                  |                    output
seg[2]                                  |                    output
seg[3]                                  |                    output
seg[4]                                  |                    output
seg[5]                                  |                    output
-------------------------------------------------------------------
                                        |                          
Number of I/O ports without constraint  |                        14
                                        |                          
-------------------------------------------------------------------

Nets without clock definition
Define a clock on a top level port or a generated clock on a clock divider pin associated with this net(s).
--------------------------------------------------
There is no instance satisfying reporting criteria



1.5  Combinational Loop
========================
None

===============================================================
2  Setup at Speed Grade High-Performance_1.2V Corner at 100 Degrees
===============================================================

2.1  Clock Summary
=======================

2.1.1 Clock "int_osc"
=======================
create_clock -name {int_osc} -period 41.6667 [get_pins {hf_osc/CLKHF }] 

Single Clock Domain
-------------------------------------------------------------------------------------------------------
             Clock int_osc              |                    |       Period       |     Frequency      
-------------------------------------------------------------------------------------------------------
 From int_osc                           |             Target |          41.667 ns |         24.000 MHz 
                                        | Actual (all paths) |          20.792 ns |         48.095 MHz 
hf_osc/CLKHF (MPW)                      |   (50% duty cycle) |          20.792 ns |         48.095 MHz 
-------------------------------------------------------------------------------------------------------

Clock Domain Crossing

2.2  Endpoint slacks
=======================
-------------------------------------------------------
          Listing 10 End Points          |    Slack    
-------------------------------------------------------
{counter_20__i23/SR   counter_20__i24/SR}|   26.321 ns 
led[2]_i0/D                              |   26.546 ns 
{counter_20__i7/SR   counter_20__i8/SR}  |   27.313 ns 
{counter_20__i9/SR   counter_20__i10/SR} |   27.313 ns 
{counter_20__i11/SR   counter_20__i12/SR}|   27.313 ns 
{counter_20__i13/SR   counter_20__i14/SR}|   27.313 ns 
{counter_20__i15/SR   counter_20__i16/SR}|   27.313 ns 
{counter_20__i17/SR   counter_20__i18/SR}|   27.313 ns 
{counter_20__i19/SR   counter_20__i20/SR}|   27.313 ns 
{counter_20__i21/SR   counter_20__i22/SR}|   27.313 ns 
-------------------------------------------------------
                                         |             
Setup # of endpoints with negative slack:|           0 
                                         |             
-------------------------------------------------------

2.3  Detailed Report
=======================


XXXXXXXXXXXXXXXXXXXXXXXXXXXXXXXXXXXXXXXXXXXXXXXXXXXXXXXXXX

Detail report of critical paths

XXXXXXXXXXXXXXXXXXXXXXXXXXXXXXXXXXXXXXXXXXXXXXXXXXXXXXXXXX

 +++++++++++++++++++++++++++++++++++++++++++++++++++++++++++++++++++++
                    Detailed Report for timing paths 
 +++++++++++++++++++++++++++++++++++++++++++++++++++++++++++++++++++++

 ++++Path 1  ++++++++++++++++++++++++++++++++++++++++++++++++++++++++++

Path Begin       : counter_20__i2/Q  (SLICE_R24C17B)
Path End         : {counter_20__i23/SR   counter_20__i24/SR}  (SLICE_R24C20A)
Source Clock     : int_osc (R)
Destination Clock: int_osc (R)
Logic Level      : 6
Delay Ratio      : 75.1% (route), 24.9% (logic)
Clock Skew       : 0.000 ns 
Setup Constraint : 41.666 ns 
Path Slack       : 26.320 ns  (Passed)


Source Clock Path
Name                                      Cell/Site Name     Delay Name       Incr      Arrival/Required Time  Fanout  
----------------------------------------  -----------------  ---------------  --------  ---------------------  ------  
hf_osc/CLKHF                              HFOSC_HFOSC_R1C32  CLOCK LATENCY       0.000                  0.000  15      
int_osc                                                      NET DELAY           5.499                  5.499  15      
{counter_20__i1/CK   counter_20__i2/CK}                      CLOCK PIN           0.000                  5.499  1       


Data Path
Name                                      Cell/Site Name     Delay Name       Incr      Arrival/Required Time  Fanout  
----------------------------------------  -----------------  ---------------  --------  ---------------------  ------  
counter_20__i2/CK->counter_20__i2/Q       SLICE_R24C17B      CLK_TO_Q1_DELAY     1.388                  6.887  2       
counter[2]                                                   NET DELAY           2.736                  9.623  2       
i12_4_lut/A->i12_4_lut/Z                  SLICE_R23C17A      A0_TO_F0_DELAY      0.449                 10.072  1       
n29                                                          NET DELAY           2.485                 12.557  1       
i15_4_lut/A->i15_4_lut/Z                  SLICE_R23C18A      B1_TO_F1_DELAY      0.476                 13.033  1       
n32                                                          NET DELAY           0.304                 13.337  1       
i1_4_lut/C->i1_4_lut/Z                    SLICE_R23C18B      C0_TO_F0_DELAY      0.476                 13.813  1       
n10                                                          NET DELAY           0.304                 14.117  1       
i7_4_lut/D->i7_4_lut/Z                    SLICE_R23C18B      C1_TO_F1_DELAY      0.449                 14.566  1       
n16                                                          NET DELAY           2.168                 16.734  1       
i4_4_lut/D->i4_4_lut/Z                    SLICE_R23C18C      D1_TO_F1_DELAY      0.449                 17.183  14      
n241                                                         NET DELAY           3.133                 20.316  14      
{counter_20__i23/SR   counter_20__i24/SR}
                                                             ENDPOINT            0.000                 20.316  1       


Destination Clock Path
Name                                      Cell/Site Name     Delay Name       Incr      Arrival/Required Time  Fanout  
----------------------------------------  -----------------  ---------------  --------  ---------------------  ------  
                                                             CONSTRAINT          0.000                 41.666  1       
hf_osc/CLKHF                              HFOSC_HFOSC_R1C32  CLOCK LATENCY       0.000                 41.666  15      
int_osc                                                      NET DELAY           5.499                 47.165  15      
{counter_20__i23/CK   counter_20__i24/CK}
                                                             CLOCK PIN           0.000                 47.165  1       
                                                             Uncertainty      -(0.000)                 47.165  
                                                             Setup time       -(0.529)                 46.636  
----------------------------------------  -----------------  ---------------  --------  ---------------------  ------  
Required Time                                                                                          46.636  
Arrival Time                                                                                        -(20.315)  
----------------------------------------  -----------------  ---------------  --------  ---------------------  ------  
Path Slack  (Passed)                                                                                   26.320  




++++ Path 2 ++++++++++++++++++++++++++++++++++++++++++++++++++++++++++ 

Path Begin       : counter_20__i2/Q  (SLICE_R24C17B)
Path End         : led[2]_i0/D  (SLICE_R23C20A)
Source Clock     : int_osc (R)
Destination Clock: int_osc (R)
Logic Level      : 7
Delay Ratio      : 72.1% (route), 27.9% (logic)
Clock Skew       : 0.000 ns 
Setup Constraint : 41.666 ns 
Path Slack       : 26.545 ns  (Passed)


Source Clock Path
Name                                      Cell/Site Name     Delay Name       Incr      Arrival/Required Time  Fanout  
----------------------------------------  -----------------  ---------------  --------  ---------------------  ------  
hf_osc/CLKHF                              HFOSC_HFOSC_R1C32  CLOCK LATENCY       0.000                  0.000  15      
int_osc                                                      NET DELAY           5.499                  5.499  15      
{counter_20__i1/CK   counter_20__i2/CK}                      CLOCK PIN           0.000                  5.499  1       


Data Path
Name                                      Cell/Site Name     Delay Name       Incr      Arrival/Required Time  Fanout  
----------------------------------------  -----------------  ---------------  --------  ---------------------  ------  
counter_20__i2/CK->counter_20__i2/Q       SLICE_R24C17B      CLK_TO_Q1_DELAY     1.388                  6.887  2       
counter[2]                                                   NET DELAY           2.736                  9.623  2       
i12_4_lut/A->i12_4_lut/Z                  SLICE_R23C17A      A0_TO_F0_DELAY      0.449                 10.072  1       
n29                                                          NET DELAY           2.485                 12.557  1       
i15_4_lut/A->i15_4_lut/Z                  SLICE_R23C18A      B1_TO_F1_DELAY      0.476                 13.033  1       
n32                                                          NET DELAY           0.304                 13.337  1       
i1_4_lut/C->i1_4_lut/Z                    SLICE_R23C18B      C0_TO_F0_DELAY      0.476                 13.813  1       
n10                                                          NET DELAY           0.304                 14.117  1       
i7_4_lut/D->i7_4_lut/Z                    SLICE_R23C18B      C1_TO_F1_DELAY      0.449                 14.566  1       
n16                                                          NET DELAY           2.168                 16.734  1       
i4_4_lut/D->i4_4_lut/Z                    SLICE_R23C18C      D1_TO_F1_DELAY      0.449                 17.183  14      
n241                                                         NET DELAY           2.763                 19.946  14      
i1_2_lut/B->i1_2_lut/Z                    SLICE_R23C20A      D0_TO_F0_DELAY      0.476                 20.422  1       
n236                                                         NET DELAY           0.000                 20.422  1       
led[2]_i0/D                                                  ENDPOINT            0.000                 20.422  1       


Destination Clock Path
Name                                      Cell/Site Name     Delay Name       Incr      Arrival/Required Time  Fanout  
----------------------------------------  -----------------  ---------------  --------  ---------------------  ------  
                                                             CONSTRAINT          0.000                 41.666  1       
hf_osc/CLKHF                              HFOSC_HFOSC_R1C32  CLOCK LATENCY       0.000                 41.666  15      
int_osc                                                      NET DELAY           5.499                 47.165  15      
led[2]_i0/CK                                                 CLOCK PIN           0.000                 47.165  1       
                                                             Uncertainty      -(0.000)                 47.165  
                                                             Setup time       -(0.198)                 46.967  
----------------------------------------  -----------------  ---------------  --------  ---------------------  ------  
Required Time                                                                                          46.967  
Arrival Time                                                                                        -(20.421)  
----------------------------------------  -----------------  ---------------  --------  ---------------------  ------  
Path Slack  (Passed)                                                                                   26.545  




++++ Path 3 ++++++++++++++++++++++++++++++++++++++++++++++++++++++++++ 

Path Begin       : counter_20__i2/Q  (SLICE_R24C17B)
Path End         : {counter_20__i7/SR   counter_20__i8/SR}  (SLICE_R24C18A)
Source Clock     : int_osc (R)
Destination Clock: int_osc (R)
Logic Level      : 6
Delay Ratio      : 73.3% (route), 26.7% (logic)
Clock Skew       : 0.000 ns 
Setup Constraint : 41.666 ns 
Path Slack       : 27.312 ns  (Passed)


Source Clock Path
Name                                      Cell/Site Name     Delay Name       Incr      Arrival/Required Time  Fanout  
----------------------------------------  -----------------  ---------------  --------  ---------------------  ------  
hf_osc/CLKHF                              HFOSC_HFOSC_R1C32  CLOCK LATENCY       0.000                  0.000  15      
int_osc                                                      NET DELAY           5.499                  5.499  15      
{counter_20__i1/CK   counter_20__i2/CK}                      CLOCK PIN           0.000                  5.499  1       


Data Path
Name                                      Cell/Site Name     Delay Name       Incr      Arrival/Required Time  Fanout  
----------------------------------------  -----------------  ---------------  --------  ---------------------  ------  
counter_20__i2/CK->counter_20__i2/Q       SLICE_R24C17B      CLK_TO_Q1_DELAY     1.388                  6.887  2       
counter[2]                                                   NET DELAY           2.736                  9.623  2       
i12_4_lut/A->i12_4_lut/Z                  SLICE_R23C17A      A0_TO_F0_DELAY      0.449                 10.072  1       
n29                                                          NET DELAY           2.485                 12.557  1       
i15_4_lut/A->i15_4_lut/Z                  SLICE_R23C18A      B1_TO_F1_DELAY      0.476                 13.033  1       
n32                                                          NET DELAY           0.304                 13.337  1       
i1_4_lut/C->i1_4_lut/Z                    SLICE_R23C18B      C0_TO_F0_DELAY      0.476                 13.813  1       
n10                                                          NET DELAY           0.304                 14.117  1       
i7_4_lut/D->i7_4_lut/Z                    SLICE_R23C18B      C1_TO_F1_DELAY      0.449                 14.566  1       
n16                                                          NET DELAY           2.168                 16.734  1       
i4_4_lut/D->i4_4_lut/Z                    SLICE_R23C18C      D1_TO_F1_DELAY      0.449                 17.183  14      
n241                                                         NET DELAY           2.141                 19.324  14      
{counter_20__i7/SR   counter_20__i8/SR}                      ENDPOINT            0.000                 19.324  1       


Destination Clock Path
Name                                      Cell/Site Name     Delay Name       Incr      Arrival/Required Time  Fanout  
----------------------------------------  -----------------  ---------------  --------  ---------------------  ------  
                                                             CONSTRAINT          0.000                 41.666  1       
hf_osc/CLKHF                              HFOSC_HFOSC_R1C32  CLOCK LATENCY       0.000                 41.666  15      
int_osc                                                      NET DELAY           5.499                 47.165  15      
{counter_20__i7/CK   counter_20__i8/CK}                      CLOCK PIN           0.000                 47.165  1       
                                                             Uncertainty      -(0.000)                 47.165  
                                                             Setup time       -(0.529)                 46.636  
----------------------------------------  -----------------  ---------------  --------  ---------------------  ------  
Required Time                                                                                          46.636  
Arrival Time                                                                                        -(19.323)  
----------------------------------------  -----------------  ---------------  --------  ---------------------  ------  
Path Slack  (Passed)                                                                                   27.312  




++++ Path 4 ++++++++++++++++++++++++++++++++++++++++++++++++++++++++++ 

Path Begin       : counter_20__i2/Q  (SLICE_R24C17B)
Path End         : {counter_20__i9/SR   counter_20__i10/SR}  (SLICE_R24C18B)
Source Clock     : int_osc (R)
Destination Clock: int_osc (R)
Logic Level      : 6
Delay Ratio      : 73.3% (route), 26.7% (logic)
Clock Skew       : 0.000 ns 
Setup Constraint : 41.666 ns 
Path Slack       : 27.312 ns  (Passed)


Source Clock Path
Name                                      Cell/Site Name     Delay Name       Incr      Arrival/Required Time  Fanout  
----------------------------------------  -----------------  ---------------  --------  ---------------------  ------  
hf_osc/CLKHF                              HFOSC_HFOSC_R1C32  CLOCK LATENCY       0.000                  0.000  15      
int_osc                                                      NET DELAY           5.499                  5.499  15      
{counter_20__i1/CK   counter_20__i2/CK}                      CLOCK PIN           0.000                  5.499  1       


Data Path
Name                                      Cell/Site Name     Delay Name       Incr      Arrival/Required Time  Fanout  
----------------------------------------  -----------------  ---------------  --------  ---------------------  ------  
counter_20__i2/CK->counter_20__i2/Q       SLICE_R24C17B      CLK_TO_Q1_DELAY     1.388                  6.887  2       
counter[2]                                                   NET DELAY           2.736                  9.623  2       
i12_4_lut/A->i12_4_lut/Z                  SLICE_R23C17A      A0_TO_F0_DELAY      0.449                 10.072  1       
n29                                                          NET DELAY           2.485                 12.557  1       
i15_4_lut/A->i15_4_lut/Z                  SLICE_R23C18A      B1_TO_F1_DELAY      0.476                 13.033  1       
n32                                                          NET DELAY           0.304                 13.337  1       
i1_4_lut/C->i1_4_lut/Z                    SLICE_R23C18B      C0_TO_F0_DELAY      0.476                 13.813  1       
n10                                                          NET DELAY           0.304                 14.117  1       
i7_4_lut/D->i7_4_lut/Z                    SLICE_R23C18B      C1_TO_F1_DELAY      0.449                 14.566  1       
n16                                                          NET DELAY           2.168                 16.734  1       
i4_4_lut/D->i4_4_lut/Z                    SLICE_R23C18C      D1_TO_F1_DELAY      0.449                 17.183  14      
n241                                                         NET DELAY           2.141                 19.324  14      
{counter_20__i9/SR   counter_20__i10/SR}                     ENDPOINT            0.000                 19.324  1       


Destination Clock Path
Name                                      Cell/Site Name     Delay Name       Incr      Arrival/Required Time  Fanout  
----------------------------------------  -----------------  ---------------  --------  ---------------------  ------  
                                                             CONSTRAINT          0.000                 41.666  1       
hf_osc/CLKHF                              HFOSC_HFOSC_R1C32  CLOCK LATENCY       0.000                 41.666  15      
int_osc                                                      NET DELAY           5.499                 47.165  15      
{counter_20__i9/CK   counter_20__i10/CK}                     CLOCK PIN           0.000                 47.165  1       
                                                             Uncertainty      -(0.000)                 47.165  
                                                             Setup time       -(0.529)                 46.636  
----------------------------------------  -----------------  ---------------  --------  ---------------------  ------  
Required Time                                                                                          46.636  
Arrival Time                                                                                        -(19.323)  
----------------------------------------  -----------------  ---------------  --------  ---------------------  ------  
Path Slack  (Passed)                                                                                   27.312  




++++ Path 5 ++++++++++++++++++++++++++++++++++++++++++++++++++++++++++ 

Path Begin       : counter_20__i2/Q  (SLICE_R24C17B)
Path End         : {counter_20__i11/SR   counter_20__i12/SR}  (SLICE_R24C18C)
Source Clock     : int_osc (R)
Destination Clock: int_osc (R)
Logic Level      : 6
Delay Ratio      : 73.3% (route), 26.7% (logic)
Clock Skew       : 0.000 ns 
Setup Constraint : 41.666 ns 
Path Slack       : 27.312 ns  (Passed)


Source Clock Path
Name                                      Cell/Site Name     Delay Name       Incr      Arrival/Required Time  Fanout  
----------------------------------------  -----------------  ---------------  --------  ---------------------  ------  
hf_osc/CLKHF                              HFOSC_HFOSC_R1C32  CLOCK LATENCY       0.000                  0.000  15      
int_osc                                                      NET DELAY           5.499                  5.499  15      
{counter_20__i1/CK   counter_20__i2/CK}                      CLOCK PIN           0.000                  5.499  1       


Data Path
Name                                      Cell/Site Name     Delay Name       Incr      Arrival/Required Time  Fanout  
----------------------------------------  -----------------  ---------------  --------  ---------------------  ------  
counter_20__i2/CK->counter_20__i2/Q       SLICE_R24C17B      CLK_TO_Q1_DELAY     1.388                  6.887  2       
counter[2]                                                   NET DELAY           2.736                  9.623  2       
i12_4_lut/A->i12_4_lut/Z                  SLICE_R23C17A      A0_TO_F0_DELAY      0.449                 10.072  1       
n29                                                          NET DELAY           2.485                 12.557  1       
i15_4_lut/A->i15_4_lut/Z                  SLICE_R23C18A      B1_TO_F1_DELAY      0.476                 13.033  1       
n32                                                          NET DELAY           0.304                 13.337  1       
i1_4_lut/C->i1_4_lut/Z                    SLICE_R23C18B      C0_TO_F0_DELAY      0.476                 13.813  1       
n10                                                          NET DELAY           0.304                 14.117  1       
i7_4_lut/D->i7_4_lut/Z                    SLICE_R23C18B      C1_TO_F1_DELAY      0.449                 14.566  1       
n16                                                          NET DELAY           2.168                 16.734  1       
i4_4_lut/D->i4_4_lut/Z                    SLICE_R23C18C      D1_TO_F1_DELAY      0.449                 17.183  14      
n241                                                         NET DELAY           2.141                 19.324  14      
{counter_20__i11/SR   counter_20__i12/SR}
                                                             ENDPOINT            0.000                 19.324  1       


Destination Clock Path
Name                                      Cell/Site Name     Delay Name       Incr      Arrival/Required Time  Fanout  
----------------------------------------  -----------------  ---------------  --------  ---------------------  ------  
                                                             CONSTRAINT          0.000                 41.666  1       
hf_osc/CLKHF                              HFOSC_HFOSC_R1C32  CLOCK LATENCY       0.000                 41.666  15      
int_osc                                                      NET DELAY           5.499                 47.165  15      
{counter_20__i11/CK   counter_20__i12/CK}
                                                             CLOCK PIN           0.000                 47.165  1       
                                                             Uncertainty      -(0.000)                 47.165  
                                                             Setup time       -(0.529)                 46.636  
----------------------------------------  -----------------  ---------------  --------  ---------------------  ------  
Required Time                                                                                          46.636  
Arrival Time                                                                                        -(19.323)  
----------------------------------------  -----------------  ---------------  --------  ---------------------  ------  
Path Slack  (Passed)                                                                                   27.312  




++++ Path 6 ++++++++++++++++++++++++++++++++++++++++++++++++++++++++++ 

Path Begin       : counter_20__i2/Q  (SLICE_R24C17B)
Path End         : {counter_20__i13/SR   counter_20__i14/SR}  (SLICE_R24C18D)
Source Clock     : int_osc (R)
Destination Clock: int_osc (R)
Logic Level      : 6
Delay Ratio      : 73.3% (route), 26.7% (logic)
Clock Skew       : 0.000 ns 
Setup Constraint : 41.666 ns 
Path Slack       : 27.312 ns  (Passed)


Source Clock Path
Name                                      Cell/Site Name     Delay Name       Incr      Arrival/Required Time  Fanout  
----------------------------------------  -----------------  ---------------  --------  ---------------------  ------  
hf_osc/CLKHF                              HFOSC_HFOSC_R1C32  CLOCK LATENCY       0.000                  0.000  15      
int_osc                                                      NET DELAY           5.499                  5.499  15      
{counter_20__i1/CK   counter_20__i2/CK}                      CLOCK PIN           0.000                  5.499  1       


Data Path
Name                                      Cell/Site Name     Delay Name       Incr      Arrival/Required Time  Fanout  
----------------------------------------  -----------------  ---------------  --------  ---------------------  ------  
counter_20__i2/CK->counter_20__i2/Q       SLICE_R24C17B      CLK_TO_Q1_DELAY     1.388                  6.887  2       
counter[2]                                                   NET DELAY           2.736                  9.623  2       
i12_4_lut/A->i12_4_lut/Z                  SLICE_R23C17A      A0_TO_F0_DELAY      0.449                 10.072  1       
n29                                                          NET DELAY           2.485                 12.557  1       
i15_4_lut/A->i15_4_lut/Z                  SLICE_R23C18A      B1_TO_F1_DELAY      0.476                 13.033  1       
n32                                                          NET DELAY           0.304                 13.337  1       
i1_4_lut/C->i1_4_lut/Z                    SLICE_R23C18B      C0_TO_F0_DELAY      0.476                 13.813  1       
n10                                                          NET DELAY           0.304                 14.117  1       
i7_4_lut/D->i7_4_lut/Z                    SLICE_R23C18B      C1_TO_F1_DELAY      0.449                 14.566  1       
n16                                                          NET DELAY           2.168                 16.734  1       
i4_4_lut/D->i4_4_lut/Z                    SLICE_R23C18C      D1_TO_F1_DELAY      0.449                 17.183  14      
n241                                                         NET DELAY           2.141                 19.324  14      
{counter_20__i13/SR   counter_20__i14/SR}
                                                             ENDPOINT            0.000                 19.324  1       


Destination Clock Path
Name                                      Cell/Site Name     Delay Name       Incr      Arrival/Required Time  Fanout  
----------------------------------------  -----------------  ---------------  --------  ---------------------  ------  
                                                             CONSTRAINT          0.000                 41.666  1       
hf_osc/CLKHF                              HFOSC_HFOSC_R1C32  CLOCK LATENCY       0.000                 41.666  15      
int_osc                                                      NET DELAY           5.499                 47.165  15      
{counter_20__i13/CK   counter_20__i14/CK}
                                                             CLOCK PIN           0.000                 47.165  1       
                                                             Uncertainty      -(0.000)                 47.165  
                                                             Setup time       -(0.529)                 46.636  
----------------------------------------  -----------------  ---------------  --------  ---------------------  ------  
Required Time                                                                                          46.636  
Arrival Time                                                                                        -(19.323)  
----------------------------------------  -----------------  ---------------  --------  ---------------------  ------  
Path Slack  (Passed)                                                                                   27.312  




++++ Path 7 ++++++++++++++++++++++++++++++++++++++++++++++++++++++++++ 

Path Begin       : counter_20__i2/Q  (SLICE_R24C17B)
Path End         : {counter_20__i15/SR   counter_20__i16/SR}  (SLICE_R24C19A)
Source Clock     : int_osc (R)
Destination Clock: int_osc (R)
Logic Level      : 6
Delay Ratio      : 73.3% (route), 26.7% (logic)
Clock Skew       : 0.000 ns 
Setup Constraint : 41.666 ns 
Path Slack       : 27.312 ns  (Passed)


Source Clock Path
Name                                      Cell/Site Name     Delay Name       Incr      Arrival/Required Time  Fanout  
----------------------------------------  -----------------  ---------------  --------  ---------------------  ------  
hf_osc/CLKHF                              HFOSC_HFOSC_R1C32  CLOCK LATENCY       0.000                  0.000  15      
int_osc                                                      NET DELAY           5.499                  5.499  15      
{counter_20__i1/CK   counter_20__i2/CK}                      CLOCK PIN           0.000                  5.499  1       


Data Path
Name                                      Cell/Site Name     Delay Name       Incr      Arrival/Required Time  Fanout  
----------------------------------------  -----------------  ---------------  --------  ---------------------  ------  
counter_20__i2/CK->counter_20__i2/Q       SLICE_R24C17B      CLK_TO_Q1_DELAY     1.388                  6.887  2       
counter[2]                                                   NET DELAY           2.736                  9.623  2       
i12_4_lut/A->i12_4_lut/Z                  SLICE_R23C17A      A0_TO_F0_DELAY      0.449                 10.072  1       
n29                                                          NET DELAY           2.485                 12.557  1       
i15_4_lut/A->i15_4_lut/Z                  SLICE_R23C18A      B1_TO_F1_DELAY      0.476                 13.033  1       
n32                                                          NET DELAY           0.304                 13.337  1       
i1_4_lut/C->i1_4_lut/Z                    SLICE_R23C18B      C0_TO_F0_DELAY      0.476                 13.813  1       
n10                                                          NET DELAY           0.304                 14.117  1       
i7_4_lut/D->i7_4_lut/Z                    SLICE_R23C18B      C1_TO_F1_DELAY      0.449                 14.566  1       
n16                                                          NET DELAY           2.168                 16.734  1       
i4_4_lut/D->i4_4_lut/Z                    SLICE_R23C18C      D1_TO_F1_DELAY      0.449                 17.183  14      
n241                                                         NET DELAY           2.141                 19.324  14      
{counter_20__i15/SR   counter_20__i16/SR}
                                                             ENDPOINT            0.000                 19.324  1       


Destination Clock Path
Name                                      Cell/Site Name     Delay Name       Incr      Arrival/Required Time  Fanout  
----------------------------------------  -----------------  ---------------  --------  ---------------------  ------  
                                                             CONSTRAINT          0.000                 41.666  1       
hf_osc/CLKHF                              HFOSC_HFOSC_R1C32  CLOCK LATENCY       0.000                 41.666  15      
int_osc                                                      NET DELAY           5.499                 47.165  15      
{counter_20__i15/CK   counter_20__i16/CK}
                                                             CLOCK PIN           0.000                 47.165  1       
                                                             Uncertainty      -(0.000)                 47.165  
                                                             Setup time       -(0.529)                 46.636  
----------------------------------------  -----------------  ---------------  --------  ---------------------  ------  
Required Time                                                                                          46.636  
Arrival Time                                                                                        -(19.323)  
----------------------------------------  -----------------  ---------------  --------  ---------------------  ------  
Path Slack  (Passed)                                                                                   27.312  




++++ Path 8 ++++++++++++++++++++++++++++++++++++++++++++++++++++++++++ 

Path Begin       : counter_20__i2/Q  (SLICE_R24C17B)
Path End         : {counter_20__i17/SR   counter_20__i18/SR}  (SLICE_R24C19B)
Source Clock     : int_osc (R)
Destination Clock: int_osc (R)
Logic Level      : 6
Delay Ratio      : 73.3% (route), 26.7% (logic)
Clock Skew       : 0.000 ns 
Setup Constraint : 41.666 ns 
Path Slack       : 27.312 ns  (Passed)


Source Clock Path
Name                                      Cell/Site Name     Delay Name       Incr      Arrival/Required Time  Fanout  
----------------------------------------  -----------------  ---------------  --------  ---------------------  ------  
hf_osc/CLKHF                              HFOSC_HFOSC_R1C32  CLOCK LATENCY       0.000                  0.000  15      
int_osc                                                      NET DELAY           5.499                  5.499  15      
{counter_20__i1/CK   counter_20__i2/CK}                      CLOCK PIN           0.000                  5.499  1       


Data Path
Name                                      Cell/Site Name     Delay Name       Incr      Arrival/Required Time  Fanout  
----------------------------------------  -----------------  ---------------  --------  ---------------------  ------  
counter_20__i2/CK->counter_20__i2/Q       SLICE_R24C17B      CLK_TO_Q1_DELAY     1.388                  6.887  2       
counter[2]                                                   NET DELAY           2.736                  9.623  2       
i12_4_lut/A->i12_4_lut/Z                  SLICE_R23C17A      A0_TO_F0_DELAY      0.449                 10.072  1       
n29                                                          NET DELAY           2.485                 12.557  1       
i15_4_lut/A->i15_4_lut/Z                  SLICE_R23C18A      B1_TO_F1_DELAY      0.476                 13.033  1       
n32                                                          NET DELAY           0.304                 13.337  1       
i1_4_lut/C->i1_4_lut/Z                    SLICE_R23C18B      C0_TO_F0_DELAY      0.476                 13.813  1       
n10                                                          NET DELAY           0.304                 14.117  1       
i7_4_lut/D->i7_4_lut/Z                    SLICE_R23C18B      C1_TO_F1_DELAY      0.449                 14.566  1       
n16                                                          NET DELAY           2.168                 16.734  1       
i4_4_lut/D->i4_4_lut/Z                    SLICE_R23C18C      D1_TO_F1_DELAY      0.449                 17.183  14      
n241                                                         NET DELAY           2.141                 19.324  14      
{counter_20__i17/SR   counter_20__i18/SR}
                                                             ENDPOINT            0.000                 19.324  1       


Destination Clock Path
Name                                      Cell/Site Name     Delay Name       Incr      Arrival/Required Time  Fanout  
----------------------------------------  -----------------  ---------------  --------  ---------------------  ------  
                                                             CONSTRAINT          0.000                 41.666  1       
hf_osc/CLKHF                              HFOSC_HFOSC_R1C32  CLOCK LATENCY       0.000                 41.666  15      
int_osc                                                      NET DELAY           5.499                 47.165  15      
{counter_20__i17/CK   counter_20__i18/CK}
                                                             CLOCK PIN           0.000                 47.165  1       
                                                             Uncertainty      -(0.000)                 47.165  
                                                             Setup time       -(0.529)                 46.636  
----------------------------------------  -----------------  ---------------  --------  ---------------------  ------  
Required Time                                                                                          46.636  
Arrival Time                                                                                        -(19.323)  
----------------------------------------  -----------------  ---------------  --------  ---------------------  ------  
Path Slack  (Passed)                                                                                   27.312  




++++ Path 9 ++++++++++++++++++++++++++++++++++++++++++++++++++++++++++ 

Path Begin       : counter_20__i2/Q  (SLICE_R24C17B)
Path End         : {counter_20__i19/SR   counter_20__i20/SR}  (SLICE_R24C19C)
Source Clock     : int_osc (R)
Destination Clock: int_osc (R)
Logic Level      : 6
Delay Ratio      : 73.3% (route), 26.7% (logic)
Clock Skew       : 0.000 ns 
Setup Constraint : 41.666 ns 
Path Slack       : 27.312 ns  (Passed)


Source Clock Path
Name                                      Cell/Site Name     Delay Name       Incr      Arrival/Required Time  Fanout  
----------------------------------------  -----------------  ---------------  --------  ---------------------  ------  
hf_osc/CLKHF                              HFOSC_HFOSC_R1C32  CLOCK LATENCY       0.000                  0.000  15      
int_osc                                                      NET DELAY           5.499                  5.499  15      
{counter_20__i1/CK   counter_20__i2/CK}                      CLOCK PIN           0.000                  5.499  1       


Data Path
Name                                      Cell/Site Name     Delay Name       Incr      Arrival/Required Time  Fanout  
----------------------------------------  -----------------  ---------------  --------  ---------------------  ------  
counter_20__i2/CK->counter_20__i2/Q       SLICE_R24C17B      CLK_TO_Q1_DELAY     1.388                  6.887  2       
counter[2]                                                   NET DELAY           2.736                  9.623  2       
i12_4_lut/A->i12_4_lut/Z                  SLICE_R23C17A      A0_TO_F0_DELAY      0.449                 10.072  1       
n29                                                          NET DELAY           2.485                 12.557  1       
i15_4_lut/A->i15_4_lut/Z                  SLICE_R23C18A      B1_TO_F1_DELAY      0.476                 13.033  1       
n32                                                          NET DELAY           0.304                 13.337  1       
i1_4_lut/C->i1_4_lut/Z                    SLICE_R23C18B      C0_TO_F0_DELAY      0.476                 13.813  1       
n10                                                          NET DELAY           0.304                 14.117  1       
i7_4_lut/D->i7_4_lut/Z                    SLICE_R23C18B      C1_TO_F1_DELAY      0.449                 14.566  1       
n16                                                          NET DELAY           2.168                 16.734  1       
i4_4_lut/D->i4_4_lut/Z                    SLICE_R23C18C      D1_TO_F1_DELAY      0.449                 17.183  14      
n241                                                         NET DELAY           2.141                 19.324  14      
{counter_20__i19/SR   counter_20__i20/SR}
                                                             ENDPOINT            0.000                 19.324  1       


Destination Clock Path
Name                                      Cell/Site Name     Delay Name       Incr      Arrival/Required Time  Fanout  
----------------------------------------  -----------------  ---------------  --------  ---------------------  ------  
                                                             CONSTRAINT          0.000                 41.666  1       
hf_osc/CLKHF                              HFOSC_HFOSC_R1C32  CLOCK LATENCY       0.000                 41.666  15      
int_osc                                                      NET DELAY           5.499                 47.165  15      
{counter_20__i19/CK   counter_20__i20/CK}
                                                             CLOCK PIN           0.000                 47.165  1       
                                                             Uncertainty      -(0.000)                 47.165  
                                                             Setup time       -(0.529)                 46.636  
----------------------------------------  -----------------  ---------------  --------  ---------------------  ------  
Required Time                                                                                          46.636  
Arrival Time                                                                                        -(19.323)  
----------------------------------------  -----------------  ---------------  --------  ---------------------  ------  
Path Slack  (Passed)                                                                                   27.312  




++++ Path 10 ++++++++++++++++++++++++++++++++++++++++++++++++++++++++++ 

Path Begin       : counter_20__i2/Q  (SLICE_R24C17B)
Path End         : {counter_20__i21/SR   counter_20__i22/SR}  (SLICE_R24C19D)
Source Clock     : int_osc (R)
Destination Clock: int_osc (R)
Logic Level      : 6
Delay Ratio      : 73.3% (route), 26.7% (logic)
Clock Skew       : 0.000 ns 
Setup Constraint : 41.666 ns 
Path Slack       : 27.312 ns  (Passed)


Source Clock Path
Name                                      Cell/Site Name     Delay Name       Incr      Arrival/Required Time  Fanout  
----------------------------------------  -----------------  ---------------  --------  ---------------------  ------  
hf_osc/CLKHF                              HFOSC_HFOSC_R1C32  CLOCK LATENCY       0.000                  0.000  15      
int_osc                                                      NET DELAY           5.499                  5.499  15      
{counter_20__i1/CK   counter_20__i2/CK}                      CLOCK PIN           0.000                  5.499  1       


Data Path
Name                                      Cell/Site Name     Delay Name       Incr      Arrival/Required Time  Fanout  
----------------------------------------  -----------------  ---------------  --------  ---------------------  ------  
counter_20__i2/CK->counter_20__i2/Q       SLICE_R24C17B      CLK_TO_Q1_DELAY     1.388                  6.887  2       
counter[2]                                                   NET DELAY           2.736                  9.623  2       
i12_4_lut/A->i12_4_lut/Z                  SLICE_R23C17A      A0_TO_F0_DELAY      0.449                 10.072  1       
n29                                                          NET DELAY           2.485                 12.557  1       
i15_4_lut/A->i15_4_lut/Z                  SLICE_R23C18A      B1_TO_F1_DELAY      0.476                 13.033  1       
n32                                                          NET DELAY           0.304                 13.337  1       
i1_4_lut/C->i1_4_lut/Z                    SLICE_R23C18B      C0_TO_F0_DELAY      0.476                 13.813  1       
n10                                                          NET DELAY           0.304                 14.117  1       
i7_4_lut/D->i7_4_lut/Z                    SLICE_R23C18B      C1_TO_F1_DELAY      0.449                 14.566  1       
n16                                                          NET DELAY           2.168                 16.734  1       
i4_4_lut/D->i4_4_lut/Z                    SLICE_R23C18C      D1_TO_F1_DELAY      0.449                 17.183  14      
n241                                                         NET DELAY           2.141                 19.324  14      
{counter_20__i21/SR   counter_20__i22/SR}
                                                             ENDPOINT            0.000                 19.324  1       


Destination Clock Path
Name                                      Cell/Site Name     Delay Name       Incr      Arrival/Required Time  Fanout  
----------------------------------------  -----------------  ---------------  --------  ---------------------  ------  
                                                             CONSTRAINT          0.000                 41.666  1       
hf_osc/CLKHF                              HFOSC_HFOSC_R1C32  CLOCK LATENCY       0.000                 41.666  15      
int_osc                                                      NET DELAY           5.499                 47.165  15      
{counter_20__i21/CK   counter_20__i22/CK}
                                                             CLOCK PIN           0.000                 47.165  1       
                                                             Uncertainty      -(0.000)                 47.165  
                                                             Setup time       -(0.529)                 46.636  
----------------------------------------  -----------------  ---------------  --------  ---------------------  ------  
Required Time                                                                                          46.636  
Arrival Time                                                                                        -(19.323)  
----------------------------------------  -----------------  ---------------  --------  ---------------------  ------  
Path Slack  (Passed)                                                                                   27.312  



+++++++++++++++++++++++++++++++++++++++++++++++++++++++++++++++++++++ 
                    End of Detailed Report for timing paths 
+++++++++++++++++++++++++++++++++++++++++++++++++++++++++++++++++++++ 


##########################################################



===============================================================
3  Hold at Speed Grade m Corner at -40 Degrees
===============================================================

3.1  Endpoint slacks
=======================
-------------------------------------------------------
          Listing 10 End Points          |    Slack    
-------------------------------------------------------
counter_20__i15/D                        |    1.913 ns 
counter_20__i16/D                        |    1.913 ns 
counter_20__i17/D                        |    1.913 ns 
counter_20__i18/D                        |    1.913 ns 
counter_20__i19/D                        |    1.913 ns 
counter_20__i20/D                        |    1.913 ns 
counter_20__i21/D                        |    1.913 ns 
counter_20__i22/D                        |    1.913 ns 
counter_20__i23/D                        |    1.913 ns 
counter_20__i24/D                        |    1.913 ns 
-------------------------------------------------------
                                         |             
Hold # of endpoints with negative slack: |           0 
                                         |             
-------------------------------------------------------

3.2  Detailed Report
=======================


XXXXXXXXXXXXXXXXXXXXXXXXXXXXXXXXXXXXXXXXXXXXXXXXXXXXXXXXXX

Detail report of critical paths

XXXXXXXXXXXXXXXXXXXXXXXXXXXXXXXXXXXXXXXXXXXXXXXXXXXXXXXXXX

 +++++++++++++++++++++++++++++++++++++++++++++++++++++++++++++++++++++
                    Detailed Report for timing paths 
 +++++++++++++++++++++++++++++++++++++++++++++++++++++++++++++++++++++

 ++++Path 1  ++++++++++++++++++++++++++++++++++++++++++++++++++++++++++

Path Begin       : counter_20__i15/Q  (SLICE_R24C19A)
Path End         : counter_20__i15/D  (SLICE_R24C19A)
Source Clock     : int_osc (R)
Destination Clock: int_osc (R)
Logic Level      : 2
Delay Ratio      : 46.1% (route), 53.9% (logic)
Clock Skew       : 0.000 ns 
Hold Constraint  : 0.000 ns 
Path Slack       : 1.913 ns  (Passed)


Source Clock Path
Name                                      Cell/Site Name     Delay Name       Incr   Arrival/Required Time  Fanout  
----------------------------------------  -----------------  ---------------  -----  ---------------------  ------  
hf_osc/CLKHF                              HFOSC_HFOSC_R1C32  CLOCK LATENCY    0.000                  0.000  16      
int_osc                                                      NET DELAY        3.084                  3.084  16      
{counter_20__i15/CK   counter_20__i16/CK}
                                                             CLOCK PIN        0.000                  3.084  1       


Data Path
Name                                      Cell/Site Name     Delay Name       Incr   Arrival/Required Time  Fanout  
----------------------------------------  -----------------  ---------------  -----  ---------------------  ------  
counter_20__i15/CK->counter_20__i15/Q     SLICE_R24C19A      CLK_TO_Q0_DELAY  0.779                  3.863  2       
counter[15]                                                  NET DELAY        0.882                  4.745  2       
counter_20_add_4_17/C0->counter_20_add_4_17/S0
                                          SLICE_R24C19A      C0_TO_F0_DELAY   0.252                  4.997  1       
n115                                                         NET DELAY        0.000                  4.997  1       
counter_20__i15/D                                            ENDPOINT         0.000                  4.997  1       


Destination Clock Path
Name                                      Cell/Site Name     Delay Name       Incr   Arrival/Required Time  Fanout  
----------------------------------------  -----------------  ---------------  -----  ---------------------  ------  
                                                             CONSTRAINT       0.000                  0.000  1       
hf_osc/CLKHF                              HFOSC_HFOSC_R1C32  CLOCK LATENCY    0.000                  0.000  16      
int_osc                                                      NET DELAY        3.084                  3.084  16      
{counter_20__i15/CK   counter_20__i16/CK}
                                                             CLOCK PIN        0.000                  3.084  1       
                                                             Uncertainty      0.000                  3.084  
                                                             Hold time        0.000                  3.084  
----------------------------------------  -----------------  ---------------  -----  ---------------------  ------  
Required Time                                                                                       -3.084  
Arrival Time                                                                                         4.997  
----------------------------------------  -----------------  ---------------  -----  ---------------------  ------  
Path Slack  (Passed)                                                                                 1.913  




++++ Path 2 ++++++++++++++++++++++++++++++++++++++++++++++++++++++++++ 

Path Begin       : counter_20__i16/Q  (SLICE_R24C19A)
Path End         : counter_20__i16/D  (SLICE_R24C19A)
Source Clock     : int_osc (R)
Destination Clock: int_osc (R)
Logic Level      : 2
Delay Ratio      : 46.1% (route), 53.9% (logic)
Clock Skew       : 0.000 ns 
Hold Constraint  : 0.000 ns 
Path Slack       : 1.913 ns  (Passed)


Source Clock Path
Name                                      Cell/Site Name     Delay Name       Incr   Arrival/Required Time  Fanout  
----------------------------------------  -----------------  ---------------  -----  ---------------------  ------  
hf_osc/CLKHF                              HFOSC_HFOSC_R1C32  CLOCK LATENCY    0.000                  0.000  16      
int_osc                                                      NET DELAY        3.084                  3.084  16      
{counter_20__i15/CK   counter_20__i16/CK}
                                                             CLOCK PIN        0.000                  3.084  1       


Data Path
Name                                      Cell/Site Name     Delay Name       Incr   Arrival/Required Time  Fanout  
----------------------------------------  -----------------  ---------------  -----  ---------------------  ------  
counter_20__i16/CK->counter_20__i16/Q     SLICE_R24C19A      CLK_TO_Q1_DELAY  0.779                  3.863  2       
counter[16]                                                  NET DELAY        0.882                  4.745  2       
counter_20_add_4_17/C1->counter_20_add_4_17/S1
                                          SLICE_R24C19A      C1_TO_F1_DELAY   0.252                  4.997  1       
n114                                                         NET DELAY        0.000                  4.997  1       
counter_20__i16/D                                            ENDPOINT         0.000                  4.997  1       


Destination Clock Path
Name                                      Cell/Site Name     Delay Name       Incr   Arrival/Required Time  Fanout  
----------------------------------------  -----------------  ---------------  -----  ---------------------  ------  
                                                             CONSTRAINT       0.000                  0.000  1       
hf_osc/CLKHF                              HFOSC_HFOSC_R1C32  CLOCK LATENCY    0.000                  0.000  16      
int_osc                                                      NET DELAY        3.084                  3.084  16      
{counter_20__i15/CK   counter_20__i16/CK}
                                                             CLOCK PIN        0.000                  3.084  1       
                                                             Uncertainty      0.000                  3.084  
                                                             Hold time        0.000                  3.084  
----------------------------------------  -----------------  ---------------  -----  ---------------------  ------  
Required Time                                                                                       -3.084  
Arrival Time                                                                                         4.997  
----------------------------------------  -----------------  ---------------  -----  ---------------------  ------  
Path Slack  (Passed)                                                                                 1.913  




++++ Path 3 ++++++++++++++++++++++++++++++++++++++++++++++++++++++++++ 

Path Begin       : counter_20__i17/Q  (SLICE_R24C19B)
Path End         : counter_20__i17/D  (SLICE_R24C19B)
Source Clock     : int_osc (R)
Destination Clock: int_osc (R)
Logic Level      : 2
Delay Ratio      : 46.1% (route), 53.9% (logic)
Clock Skew       : 0.000 ns 
Hold Constraint  : 0.000 ns 
Path Slack       : 1.913 ns  (Passed)


Source Clock Path
Name                                      Cell/Site Name     Delay Name       Incr   Arrival/Required Time  Fanout  
----------------------------------------  -----------------  ---------------  -----  ---------------------  ------  
hf_osc/CLKHF                              HFOSC_HFOSC_R1C32  CLOCK LATENCY    0.000                  0.000  16      
int_osc                                                      NET DELAY        3.084                  3.084  16      
{counter_20__i17/CK   counter_20__i18/CK}
                                                             CLOCK PIN        0.000                  3.084  1       


Data Path
Name                                      Cell/Site Name     Delay Name       Incr   Arrival/Required Time  Fanout  
----------------------------------------  -----------------  ---------------  -----  ---------------------  ------  
counter_20__i17/CK->counter_20__i17/Q     SLICE_R24C19B      CLK_TO_Q0_DELAY  0.779                  3.863  2       
counter[17]                                                  NET DELAY        0.882                  4.745  2       
counter_20_add_4_19/C0->counter_20_add_4_19/S0
                                          SLICE_R24C19B      C0_TO_F0_DELAY   0.252                  4.997  1       
n113                                                         NET DELAY        0.000                  4.997  1       
counter_20__i17/D                                            ENDPOINT         0.000                  4.997  1       


Destination Clock Path
Name                                      Cell/Site Name     Delay Name       Incr   Arrival/Required Time  Fanout  
----------------------------------------  -----------------  ---------------  -----  ---------------------  ------  
                                                             CONSTRAINT       0.000                  0.000  1       
hf_osc/CLKHF                              HFOSC_HFOSC_R1C32  CLOCK LATENCY    0.000                  0.000  16      
int_osc                                                      NET DELAY        3.084                  3.084  16      
{counter_20__i17/CK   counter_20__i18/CK}
                                                             CLOCK PIN        0.000                  3.084  1       
                                                             Uncertainty      0.000                  3.084  
                                                             Hold time        0.000                  3.084  
----------------------------------------  -----------------  ---------------  -----  ---------------------  ------  
Required Time                                                                                       -3.084  
Arrival Time                                                                                         4.997  
----------------------------------------  -----------------  ---------------  -----  ---------------------  ------  
Path Slack  (Passed)                                                                                 1.913  




++++ Path 4 ++++++++++++++++++++++++++++++++++++++++++++++++++++++++++ 

Path Begin       : counter_20__i18/Q  (SLICE_R24C19B)
Path End         : counter_20__i18/D  (SLICE_R24C19B)
Source Clock     : int_osc (R)
Destination Clock: int_osc (R)
Logic Level      : 2
Delay Ratio      : 46.1% (route), 53.9% (logic)
Clock Skew       : 0.000 ns 
Hold Constraint  : 0.000 ns 
Path Slack       : 1.913 ns  (Passed)


Source Clock Path
Name                                      Cell/Site Name     Delay Name       Incr   Arrival/Required Time  Fanout  
----------------------------------------  -----------------  ---------------  -----  ---------------------  ------  
hf_osc/CLKHF                              HFOSC_HFOSC_R1C32  CLOCK LATENCY    0.000                  0.000  16      
int_osc                                                      NET DELAY        3.084                  3.084  16      
{counter_20__i17/CK   counter_20__i18/CK}
                                                             CLOCK PIN        0.000                  3.084  1       


Data Path
Name                                      Cell/Site Name     Delay Name       Incr   Arrival/Required Time  Fanout  
----------------------------------------  -----------------  ---------------  -----  ---------------------  ------  
counter_20__i18/CK->counter_20__i18/Q     SLICE_R24C19B      CLK_TO_Q1_DELAY  0.779                  3.863  2       
counter[18]                                                  NET DELAY        0.882                  4.745  2       
counter_20_add_4_19/C1->counter_20_add_4_19/S1
                                          SLICE_R24C19B      C1_TO_F1_DELAY   0.252                  4.997  1       
n112                                                         NET DELAY        0.000                  4.997  1       
counter_20__i18/D                                            ENDPOINT         0.000                  4.997  1       


Destination Clock Path
Name                                      Cell/Site Name     Delay Name       Incr   Arrival/Required Time  Fanout  
----------------------------------------  -----------------  ---------------  -----  ---------------------  ------  
                                                             CONSTRAINT       0.000                  0.000  1       
hf_osc/CLKHF                              HFOSC_HFOSC_R1C32  CLOCK LATENCY    0.000                  0.000  16      
int_osc                                                      NET DELAY        3.084                  3.084  16      
{counter_20__i17/CK   counter_20__i18/CK}
                                                             CLOCK PIN        0.000                  3.084  1       
                                                             Uncertainty      0.000                  3.084  
                                                             Hold time        0.000                  3.084  
----------------------------------------  -----------------  ---------------  -----  ---------------------  ------  
Required Time                                                                                       -3.084  
Arrival Time                                                                                         4.997  
----------------------------------------  -----------------  ---------------  -----  ---------------------  ------  
Path Slack  (Passed)                                                                                 1.913  




++++ Path 5 ++++++++++++++++++++++++++++++++++++++++++++++++++++++++++ 

Path Begin       : counter_20__i19/Q  (SLICE_R24C19C)
Path End         : counter_20__i19/D  (SLICE_R24C19C)
Source Clock     : int_osc (R)
Destination Clock: int_osc (R)
Logic Level      : 2
Delay Ratio      : 46.1% (route), 53.9% (logic)
Clock Skew       : 0.000 ns 
Hold Constraint  : 0.000 ns 
Path Slack       : 1.913 ns  (Passed)


Source Clock Path
Name                                      Cell/Site Name     Delay Name       Incr   Arrival/Required Time  Fanout  
----------------------------------------  -----------------  ---------------  -----  ---------------------  ------  
hf_osc/CLKHF                              HFOSC_HFOSC_R1C32  CLOCK LATENCY    0.000                  0.000  16      
int_osc                                                      NET DELAY        3.084                  3.084  16      
{counter_20__i19/CK   counter_20__i20/CK}
                                                             CLOCK PIN        0.000                  3.084  1       


Data Path
Name                                      Cell/Site Name     Delay Name       Incr   Arrival/Required Time  Fanout  
----------------------------------------  -----------------  ---------------  -----  ---------------------  ------  
counter_20__i19/CK->counter_20__i19/Q     SLICE_R24C19C      CLK_TO_Q0_DELAY  0.779                  3.863  2       
counter[19]                                                  NET DELAY        0.882                  4.745  2       
counter_20_add_4_21/C0->counter_20_add_4_21/S0
                                          SLICE_R24C19C      C0_TO_F0_DELAY   0.252                  4.997  1       
n111                                                         NET DELAY        0.000                  4.997  1       
counter_20__i19/D                                            ENDPOINT         0.000                  4.997  1       


Destination Clock Path
Name                                      Cell/Site Name     Delay Name       Incr   Arrival/Required Time  Fanout  
----------------------------------------  -----------------  ---------------  -----  ---------------------  ------  
                                                             CONSTRAINT       0.000                  0.000  1       
hf_osc/CLKHF                              HFOSC_HFOSC_R1C32  CLOCK LATENCY    0.000                  0.000  16      
int_osc                                                      NET DELAY        3.084                  3.084  16      
{counter_20__i19/CK   counter_20__i20/CK}
                                                             CLOCK PIN        0.000                  3.084  1       
                                                             Uncertainty      0.000                  3.084  
                                                             Hold time        0.000                  3.084  
----------------------------------------  -----------------  ---------------  -----  ---------------------  ------  
Required Time                                                                                       -3.084  
Arrival Time                                                                                         4.997  
----------------------------------------  -----------------  ---------------  -----  ---------------------  ------  
Path Slack  (Passed)                                                                                 1.913  




++++ Path 6 ++++++++++++++++++++++++++++++++++++++++++++++++++++++++++ 

Path Begin       : counter_20__i20/Q  (SLICE_R24C19C)
Path End         : counter_20__i20/D  (SLICE_R24C19C)
Source Clock     : int_osc (R)
Destination Clock: int_osc (R)
Logic Level      : 2
Delay Ratio      : 46.1% (route), 53.9% (logic)
Clock Skew       : 0.000 ns 
Hold Constraint  : 0.000 ns 
Path Slack       : 1.913 ns  (Passed)


Source Clock Path
Name                                      Cell/Site Name     Delay Name       Incr   Arrival/Required Time  Fanout  
----------------------------------------  -----------------  ---------------  -----  ---------------------  ------  
hf_osc/CLKHF                              HFOSC_HFOSC_R1C32  CLOCK LATENCY    0.000                  0.000  16      
int_osc                                                      NET DELAY        3.084                  3.084  16      
{counter_20__i19/CK   counter_20__i20/CK}
                                                             CLOCK PIN        0.000                  3.084  1       


Data Path
Name                                      Cell/Site Name     Delay Name       Incr   Arrival/Required Time  Fanout  
----------------------------------------  -----------------  ---------------  -----  ---------------------  ------  
counter_20__i20/CK->counter_20__i20/Q     SLICE_R24C19C      CLK_TO_Q1_DELAY  0.779                  3.863  2       
counter[20]                                                  NET DELAY        0.882                  4.745  2       
counter_20_add_4_21/C1->counter_20_add_4_21/S1
                                          SLICE_R24C19C      C1_TO_F1_DELAY   0.252                  4.997  1       
n110                                                         NET DELAY        0.000                  4.997  1       
counter_20__i20/D                                            ENDPOINT         0.000                  4.997  1       


Destination Clock Path
Name                                      Cell/Site Name     Delay Name       Incr   Arrival/Required Time  Fanout  
----------------------------------------  -----------------  ---------------  -----  ---------------------  ------  
                                                             CONSTRAINT       0.000                  0.000  1       
hf_osc/CLKHF                              HFOSC_HFOSC_R1C32  CLOCK LATENCY    0.000                  0.000  16      
int_osc                                                      NET DELAY        3.084                  3.084  16      
{counter_20__i19/CK   counter_20__i20/CK}
                                                             CLOCK PIN        0.000                  3.084  1       
                                                             Uncertainty      0.000                  3.084  
                                                             Hold time        0.000                  3.084  
----------------------------------------  -----------------  ---------------  -----  ---------------------  ------  
Required Time                                                                                       -3.084  
Arrival Time                                                                                         4.997  
----------------------------------------  -----------------  ---------------  -----  ---------------------  ------  
Path Slack  (Passed)                                                                                 1.913  




++++ Path 7 ++++++++++++++++++++++++++++++++++++++++++++++++++++++++++ 

Path Begin       : counter_20__i21/Q  (SLICE_R24C19D)
Path End         : counter_20__i21/D  (SLICE_R24C19D)
Source Clock     : int_osc (R)
Destination Clock: int_osc (R)
Logic Level      : 2
Delay Ratio      : 46.1% (route), 53.9% (logic)
Clock Skew       : 0.000 ns 
Hold Constraint  : 0.000 ns 
Path Slack       : 1.913 ns  (Passed)


Source Clock Path
Name                                      Cell/Site Name     Delay Name       Incr   Arrival/Required Time  Fanout  
----------------------------------------  -----------------  ---------------  -----  ---------------------  ------  
hf_osc/CLKHF                              HFOSC_HFOSC_R1C32  CLOCK LATENCY    0.000                  0.000  16      
int_osc                                                      NET DELAY        3.084                  3.084  16      
{counter_20__i21/CK   counter_20__i22/CK}
                                                             CLOCK PIN        0.000                  3.084  1       


Data Path
Name                                      Cell/Site Name     Delay Name       Incr   Arrival/Required Time  Fanout  
----------------------------------------  -----------------  ---------------  -----  ---------------------  ------  
counter_20__i21/CK->counter_20__i21/Q     SLICE_R24C19D      CLK_TO_Q0_DELAY  0.779                  3.863  2       
counter[21]                                                  NET DELAY        0.882                  4.745  2       
counter_20_add_4_23/C0->counter_20_add_4_23/S0
                                          SLICE_R24C19D      C0_TO_F0_DELAY   0.252                  4.997  1       
n109                                                         NET DELAY        0.000                  4.997  1       
counter_20__i21/D                                            ENDPOINT         0.000                  4.997  1       


Destination Clock Path
Name                                      Cell/Site Name     Delay Name       Incr   Arrival/Required Time  Fanout  
----------------------------------------  -----------------  ---------------  -----  ---------------------  ------  
                                                             CONSTRAINT       0.000                  0.000  1       
hf_osc/CLKHF                              HFOSC_HFOSC_R1C32  CLOCK LATENCY    0.000                  0.000  16      
int_osc                                                      NET DELAY        3.084                  3.084  16      
{counter_20__i21/CK   counter_20__i22/CK}
                                                             CLOCK PIN        0.000                  3.084  1       
                                                             Uncertainty      0.000                  3.084  
                                                             Hold time        0.000                  3.084  
----------------------------------------  -----------------  ---------------  -----  ---------------------  ------  
Required Time                                                                                       -3.084  
Arrival Time                                                                                         4.997  
----------------------------------------  -----------------  ---------------  -----  ---------------------  ------  
Path Slack  (Passed)                                                                                 1.913  




++++ Path 8 ++++++++++++++++++++++++++++++++++++++++++++++++++++++++++ 

Path Begin       : counter_20__i22/Q  (SLICE_R24C19D)
Path End         : counter_20__i22/D  (SLICE_R24C19D)
Source Clock     : int_osc (R)
Destination Clock: int_osc (R)
Logic Level      : 2
Delay Ratio      : 46.1% (route), 53.9% (logic)
Clock Skew       : 0.000 ns 
Hold Constraint  : 0.000 ns 
Path Slack       : 1.913 ns  (Passed)


Source Clock Path
Name                                      Cell/Site Name     Delay Name       Incr   Arrival/Required Time  Fanout  
----------------------------------------  -----------------  ---------------  -----  ---------------------  ------  
hf_osc/CLKHF                              HFOSC_HFOSC_R1C32  CLOCK LATENCY    0.000                  0.000  16      
int_osc                                                      NET DELAY        3.084                  3.084  16      
{counter_20__i21/CK   counter_20__i22/CK}
                                                             CLOCK PIN        0.000                  3.084  1       


Data Path
Name                                      Cell/Site Name     Delay Name       Incr   Arrival/Required Time  Fanout  
----------------------------------------  -----------------  ---------------  -----  ---------------------  ------  
counter_20__i22/CK->counter_20__i22/Q     SLICE_R24C19D      CLK_TO_Q1_DELAY  0.779                  3.863  2       
counter[22]                                                  NET DELAY        0.882                  4.745  2       
counter_20_add_4_23/C1->counter_20_add_4_23/S1
                                          SLICE_R24C19D      C1_TO_F1_DELAY   0.252                  4.997  1       
n108                                                         NET DELAY        0.000                  4.997  1       
counter_20__i22/D                                            ENDPOINT         0.000                  4.997  1       


Destination Clock Path
Name                                      Cell/Site Name     Delay Name       Incr   Arrival/Required Time  Fanout  
----------------------------------------  -----------------  ---------------  -----  ---------------------  ------  
                                                             CONSTRAINT       0.000                  0.000  1       
hf_osc/CLKHF                              HFOSC_HFOSC_R1C32  CLOCK LATENCY    0.000                  0.000  16      
int_osc                                                      NET DELAY        3.084                  3.084  16      
{counter_20__i21/CK   counter_20__i22/CK}
                                                             CLOCK PIN        0.000                  3.084  1       
                                                             Uncertainty      0.000                  3.084  
                                                             Hold time        0.000                  3.084  
----------------------------------------  -----------------  ---------------  -----  ---------------------  ------  
Required Time                                                                                       -3.084  
Arrival Time                                                                                         4.997  
----------------------------------------  -----------------  ---------------  -----  ---------------------  ------  
Path Slack  (Passed)                                                                                 1.913  




++++ Path 9 ++++++++++++++++++++++++++++++++++++++++++++++++++++++++++ 

Path Begin       : counter_20__i23/Q  (SLICE_R24C20A)
Path End         : counter_20__i23/D  (SLICE_R24C20A)
Source Clock     : int_osc (R)
Destination Clock: int_osc (R)
Logic Level      : 2
Delay Ratio      : 46.1% (route), 53.9% (logic)
Clock Skew       : 0.000 ns 
Hold Constraint  : 0.000 ns 
Path Slack       : 1.913 ns  (Passed)


Source Clock Path
Name                                      Cell/Site Name     Delay Name       Incr   Arrival/Required Time  Fanout  
----------------------------------------  -----------------  ---------------  -----  ---------------------  ------  
hf_osc/CLKHF                              HFOSC_HFOSC_R1C32  CLOCK LATENCY    0.000                  0.000  16      
int_osc                                                      NET DELAY        3.084                  3.084  16      
{counter_20__i23/CK   counter_20__i24/CK}
                                                             CLOCK PIN        0.000                  3.084  1       


Data Path
Name                                      Cell/Site Name     Delay Name       Incr   Arrival/Required Time  Fanout  
----------------------------------------  -----------------  ---------------  -----  ---------------------  ------  
counter_20__i23/CK->counter_20__i23/Q     SLICE_R24C20A      CLK_TO_Q0_DELAY  0.779                  3.863  2       
counter[23]                                                  NET DELAY        0.882                  4.745  2       
counter_20_add_4_25/C0->counter_20_add_4_25/S0
                                          SLICE_R24C20A      C0_TO_F0_DELAY   0.252                  4.997  1       
n107                                                         NET DELAY        0.000                  4.997  1       
counter_20__i23/D                                            ENDPOINT         0.000                  4.997  1       


Destination Clock Path
Name                                      Cell/Site Name     Delay Name       Incr   Arrival/Required Time  Fanout  
----------------------------------------  -----------------  ---------------  -----  ---------------------  ------  
                                                             CONSTRAINT       0.000                  0.000  1       
hf_osc/CLKHF                              HFOSC_HFOSC_R1C32  CLOCK LATENCY    0.000                  0.000  16      
int_osc                                                      NET DELAY        3.084                  3.084  16      
{counter_20__i23/CK   counter_20__i24/CK}
                                                             CLOCK PIN        0.000                  3.084  1       
                                                             Uncertainty      0.000                  3.084  
                                                             Hold time        0.000                  3.084  
----------------------------------------  -----------------  ---------------  -----  ---------------------  ------  
Required Time                                                                                       -3.084  
Arrival Time                                                                                         4.997  
----------------------------------------  -----------------  ---------------  -----  ---------------------  ------  
Path Slack  (Passed)                                                                                 1.913  




++++ Path 10 ++++++++++++++++++++++++++++++++++++++++++++++++++++++++++ 

Path Begin       : counter_20__i24/Q  (SLICE_R24C20A)
Path End         : counter_20__i24/D  (SLICE_R24C20A)
Source Clock     : int_osc (R)
Destination Clock: int_osc (R)
Logic Level      : 2
Delay Ratio      : 46.1% (route), 53.9% (logic)
Clock Skew       : 0.000 ns 
Hold Constraint  : 0.000 ns 
Path Slack       : 1.913 ns  (Passed)


Source Clock Path
Name                                      Cell/Site Name     Delay Name       Incr   Arrival/Required Time  Fanout  
----------------------------------------  -----------------  ---------------  -----  ---------------------  ------  
hf_osc/CLKHF                              HFOSC_HFOSC_R1C32  CLOCK LATENCY    0.000                  0.000  16      
int_osc                                                      NET DELAY        3.084                  3.084  16      
{counter_20__i23/CK   counter_20__i24/CK}
                                                             CLOCK PIN        0.000                  3.084  1       


Data Path
Name                                      Cell/Site Name     Delay Name       Incr   Arrival/Required Time  Fanout  
----------------------------------------  -----------------  ---------------  -----  ---------------------  ------  
counter_20__i24/CK->counter_20__i24/Q     SLICE_R24C20A      CLK_TO_Q1_DELAY  0.779                  3.863  2       
counter[24]                                                  NET DELAY        0.882                  4.745  2       
counter_20_add_4_25/C1->counter_20_add_4_25/S1
                                          SLICE_R24C20A      C1_TO_F1_DELAY   0.252                  4.997  1       
n106                                                         NET DELAY        0.000                  4.997  1       
counter_20__i24/D                                            ENDPOINT         0.000                  4.997  1       


Destination Clock Path
Name                                      Cell/Site Name     Delay Name       Incr   Arrival/Required Time  Fanout  
----------------------------------------  -----------------  ---------------  -----  ---------------------  ------  
                                                             CONSTRAINT       0.000                  0.000  1       
hf_osc/CLKHF                              HFOSC_HFOSC_R1C32  CLOCK LATENCY    0.000                  0.000  16      
int_osc                                                      NET DELAY        3.084                  3.084  16      
{counter_20__i23/CK   counter_20__i24/CK}
                                                             CLOCK PIN        0.000                  3.084  1       
                                                             Uncertainty      0.000                  3.084  
                                                             Hold time        0.000                  3.084  
----------------------------------------  -----------------  ---------------  -----  ---------------------  ------  
Required Time                                                                                       -3.084  
Arrival Time                                                                                         4.997  
----------------------------------------  -----------------  ---------------  -----  ---------------------  ------  
Path Slack  (Passed)                                                                                 1.913  



+++++++++++++++++++++++++++++++++++++++++++++++++++++++++++++++++++++ 
                    End of Detailed Report for timing paths 
+++++++++++++++++++++++++++++++++++++++++++++++++++++++++++++++++++++ 


##########################################################



